1646491168228	geckodriver	INFO	Listening on 127.0.0.1:53425
1646491453451	geckodriver	INFO	Listening on 127.0.0.1:50833
1646491453455	mozrunner::runner	INFO	Running command: "/usr/bin/firefox" "--marionette" "--remote-debugging-port" "51439" "-no-remote" "-profile" "/tmp/rust_mozprofileZCt5i8"
ATTENTION: default value of option mesa_glthread overridden by environment.
ATTENTION: default value of option mesa_glthread overridden by environment.
ATTENTION: default value of option mesa_glthread overridden by environment.
ATTENTION: default value of option mesa_glthread overridden by environment.
1646491453809	Marionette	INFO	Marionette enabled

(firefox:4148): GLib-GIO-CRITICAL **: 22:44:13.852: g_dbus_proxy_new: assertion 'G_IS_DBUS_CONNECTION (connection)' failed

(firefox:4148): GLib-GIO-CRITICAL **: 22:44:13.852: g_dbus_proxy_new: assertion 'G_IS_DBUS_CONNECTION (connection)' failed
console.warn: SearchSettings: "get: No settings file exists, new profile?" (new NotFoundError("Could not open the file at /tmp/rust_mozprofileZCt5i8/search.json.mozlz4", (void 0)))
DevTools listening on ws://localhost:51439/devtools/browser/dab64bae-9c3a-4712-a5f4-61f54dcfaa00
1646491454686	Marionette	INFO	Listening on port 46581
1646491454793	RemoteAgent	WARN	TLS certificate errors will be ignored for this session
JavaScript error: resource://gre/actors/AutoCompleteChild.jsm, line 125: Error: Invalid autocomplete selectedIndex
console.warn: LoginRecipes: "getRecipes: falling back to a synchronous message for:" "https://twitter.com"
console.warn: LoginRecipes: "getRecipes: falling back to a synchronous message for:" "https://twitter.com"
console.warn: LoginRecipes: "getRecipes: falling back to a synchronous message for:" "https://twitter.com"
1646491509845	Marionette	INFO	Stopped listening on port 46581
console.warn: TopSitesFeed: Failed to fetch data from Contile server: NetworkError when attempting to fetch resource.
1646491542950	geckodriver	INFO	Listening on 127.0.0.1:60231
1646491542953	mozrunner::runner	INFO	Running command: "/usr/bin/firefox" "--marionette" "--remote-debugging-port" "38725" "-no-remote" "-profile" "/tmp/rust_mozprofiledskUfg"
ATTENTION: default value of option mesa_glthread overridden by environment.
ATTENTION: default value of option mesa_glthread overridden by environment.
ATTENTION: default value of option mesa_glthread overridden by environment.
ATTENTION: default value of option mesa_glthread overridden by environment.
1646491543349	Marionette	INFO	Marionette enabled

(firefox:4844): GLib-GIO-CRITICAL **: 22:45:43.391: g_dbus_proxy_new: assertion 'G_IS_DBUS_CONNECTION (connection)' failed

(firefox:4844): GLib-GIO-CRITICAL **: 22:45:43.391: g_dbus_proxy_new: assertion 'G_IS_DBUS_CONNECTION (connection)' failed
console.warn: SearchSettings: "get: No settings file exists, new profile?" (new NotFoundError("Could not open the file at /tmp/rust_mozprofiledskUfg/search.json.mozlz4", (void 0)))
DevTools listening on ws://localhost:38725/devtools/browser/ca32dee4-d4f6-4753-9220-2e8d7be16618
1646491544271	Marionette	INFO	Listening on port 37407
1646491544313	RemoteAgent	WARN	TLS certificate errors will be ignored for this session
JavaScript error: resource://gre/actors/AutoCompleteChild.jsm, line 125: Error: Invalid autocomplete selectedIndex
console.warn: LoginRecipes: "getRecipes: falling back to a synchronous message for:" "https://twitter.com"
console.warn: LoginRecipes: "getRecipes: falling back to a synchronous message for:" "https://twitter.com"
console.warn: LoginRecipes: "getRecipes: falling back to a synchronous message for:" "https://twitter.com"
console.warn: LoginRecipes: "getRecipes: falling back to a synchronous message for:" "https://twitter.com"
console.warn: LoginRecipes: "getRecipes: falling back to a synchronous message for:" "https://twitter.com"
console.warn: LoginRecipes: "getRecipes: falling back to a synchronous message for:" "https://twitter.com"
console.warn: LoginRecipes: "getRecipes: falling back to a synchronous message for:" "https://twitter.com"
console.warn: LoginRecipes: "getRecipes: falling back to a synchronous message for:" "https://twitter.com"
console.warn: LoginRecipes: "getRecipes: falling back to a synchronous message for:" "https://twitter.com"
console.warn: LoginRecipes: "getRecipes: falling back to a synchronous message for:" "https://twitter.com"
console.warn: LoginRecipes: "getRecipes: falling back to a synchronous message for:" "https://twitter.com"
console.warn: LoginRecipes: "getRecipes: falling back to a synchronous message for:" "https://twitter.com"
console.warn: LoginRecipes: "getRecipes: falling back to a synchronous message for:" "https://twitter.com"
console.warn: LoginRecipes: "getRecipes: falling back to a synchronous message for:" "https://twitter.com"
console.warn: LoginRecipes: "getRecipes: falling back to a synchronous message for:" "https://twitter.com"
console.warn: LoginRecipes: "getRecipes: falling back to a synchronous message for:" "https://twitter.com"
console.warn: LoginRecipes: "getRecipes: falling back to a synchronous message for:" "https://twitter.com"
1646492425801	Marionette	INFO	Stopped listening on port 37407
console.warn: TopSitesFeed: Failed to fetch data from Contile server: NetworkError when attempting to fetch resource.
JavaScript error: chrome://remote/content/marionette/cert.js, line 55: NS_ERROR_NOT_AVAILABLE: Component returned failure code: 0x80040111 (NS_ERROR_NOT_AVAILABLE) [nsICertOverrideService.setDisableAllSecurityChecksAndLetAttackersInterceptMyData]
1646492430171	geckodriver	INFO	Listening on 127.0.0.1:37007
1646492430679	mozrunner::runner	INFO	Running command: "/usr/bin/firefox" "--marionette" "--remote-debugging-port" "45913" "-no-remote" "-profile" "/tmp/rust_mozprofileaFxWZV"
ATTENTION: default value of option mesa_glthread overridden by environment.
ATTENTION: default value of option mesa_glthread overridden by environment.
ATTENTION: default value of option mesa_glthread overridden by environment.
ATTENTION: default value of option mesa_glthread overridden by environment.
1646492431052	Marionette	INFO	Marionette enabled

(firefox:6893): GLib-GIO-CRITICAL **: 23:00:31.094: g_dbus_proxy_new: assertion 'G_IS_DBUS_CONNECTION (connection)' failed

(firefox:6893): GLib-GIO-CRITICAL **: 23:00:31.094: g_dbus_proxy_new: assertion 'G_IS_DBUS_CONNECTION (connection)' failed
console.warn: SearchSettings: "get: No settings file exists, new profile?" (new NotFoundError("Could not open the file at /tmp/rust_mozprofileaFxWZV/search.json.mozlz4", (void 0)))
DevTools listening on ws://localhost:45913/devtools/browser/fab987e0-c261-4d0e-8c72-01931ce9230a
1646492431787	Marionette	INFO	Listening on port 38857
1646492431918	RemoteAgent	WARN	TLS certificate errors will be ignored for this session
JavaScript error: resource://gre/actors/AutoCompleteChild.jsm, line 125: Error: Invalid autocomplete selectedIndex
console.warn: LoginRecipes: "getRecipes: falling back to a synchronous message for:" "https://twitter.com"
console.warn: LoginRecipes: "getRecipes: falling back to a synchronous message for:" "https://twitter.com"
console.warn: LoginRecipes: "getRecipes: falling back to a synchronous message for:" "https://twitter.com"
console.warn: LoginRecipes: "getRecipes: falling back to a synchronous message for:" "https://twitter.com"
console.warn: LoginRecipes: "getRecipes: falling back to a synchronous message for:" "https://twitter.com"
console.warn: LoginRecipes: "getRecipes: falling back to a synchronous message for:" "https://twitter.com"
console.warn: LoginRecipes: "getRecipes: falling back to a synchronous message for:" "https://twitter.com"
1646492918458	Marionette	INFO	Stopped listening on port 38857
console.warn: TopSitesFeed: Failed to fetch data from Contile server: NetworkError when attempting to fetch resource.
JavaScript error: chrome://remote/content/marionette/cert.js, line 55: NS_ERROR_NOT_AVAILABLE: Component returned failure code: 0x80040111 (NS_ERROR_NOT_AVAILABLE) [nsICertOverrideService.setDisableAllSecurityChecksAndLetAttackersInterceptMyData]

###!!! [Parent][PImageBridgeParent] Error: RunMessage(msgname=PImageBridge::Msg_WillClose) Channel closing: too late to send/recv, messages will be lost

1646493729774	geckodriver	INFO	Listening on 127.0.0.1:45029
1646493730287	mozrunner::runner	INFO	Running command: "/usr/bin/firefox" "--marionette" "--remote-debugging-port" "34587" "-no-remote" "-profile" "/tmp/rust_mozprofile5podAh"
ATTENTION: default value of option mesa_glthread overridden by environment.
ATTENTION: default value of option mesa_glthread overridden by environment.
ATTENTION: default value of option mesa_glthread overridden by environment.
ATTENTION: default value of option mesa_glthread overridden by environment.
1646493730699	Marionette	INFO	Marionette enabled

(firefox:13813): GLib-GIO-CRITICAL **: 23:22:10.739: g_dbus_proxy_new: assertion 'G_IS_DBUS_CONNECTION (connection)' failed

(firefox:13813): GLib-GIO-CRITICAL **: 23:22:10.739: g_dbus_proxy_new: assertion 'G_IS_DBUS_CONNECTION (connection)' failed
console.warn: SearchSettings: "get: No settings file exists, new profile?" (new NotFoundError("Could not open the file at /tmp/rust_mozprofile5podAh/search.json.mozlz4", (void 0)))
DevTools listening on ws://localhost:34587/devtools/browser/82f4db61-dd27-4b53-89dc-2b78596a620c
1646493731570	Marionette	INFO	Listening on port 42847
1646493731603	RemoteAgent	WARN	TLS certificate errors will be ignored for this session
JavaScript error: resource://gre/actors/AutoCompleteChild.jsm, line 125: Error: Invalid autocomplete selectedIndex
console.warn: LoginRecipes: "getRecipes: falling back to a synchronous message for:" "https://twitter.com"
console.error: (new TypeError("parent is null", "resource://devtools/client/inspector/shared/style-change-tracker.js", 67))
TypeError: parent is null: canMutationImpactCurrentStyles@resource://devtools/client/inspector/shared/style-change-tracker.js:67:24
onMutations@resource://devtools/client/inspector/shared/style-change-tracker.js:84:41
_emit@resource://devtools/shared/event-emitter.js:244:34
emit@resource://devtools/shared/event-emitter.js:190:18
emit@resource://devtools/shared/event-emitter.js:342:18
getMutations@resource://devtools/client/fronts/walker.js:311:10

1646494245271	Marionette	INFO	Stopped listening on port 42847
JavaScript error: , line 0: NotFoundError: No such JSWindowActor 'DevToolsFrame'

###!!! [Parent][PContentParent] Error: Send(msgname=PContent::Msg_DestroyBrowsingContextGroup) Closed channel: cannot send/recv


###!!! [Child][PContentChild] Error: RunMessage(msgname=PContent::Reply_DiscardBrowsingContext) Channel closing: too late to send/recv, messages will be lost


###!!! [Child][PContentChild] Error: RunMessage(msgname=PHttpChannel::Msg_DeleteSelf) Channel closing: too late to send/recv, messages will be lost


###!!! [Child][PContentChild] Error: RunMessage(msgname=PHttpChannel::Msg_DeleteSelf) Channel closing: too late to send/recv, messages will be lost


###!!! [Parent][PImageBridgeParent] Error: RunMessage(msgname=PImageBridge::Msg_WillClose) Channel closing: too late to send/recv, messages will be lost

1646494256958	geckodriver	INFO	Listening on 127.0.0.1:56803
1646494257471	mozrunner::runner	INFO	Running command: "/usr/bin/firefox" "--marionette" "--remote-debugging-port" "44559" "-no-remote" "-profile" "/tmp/rust_mozprofileJh0U0k"
ATTENTION: default value of option mesa_glthread overridden by environment.
ATTENTION: default value of option mesa_glthread overridden by environment.
ATTENTION: default value of option mesa_glthread overridden by environment.
ATTENTION: default value of option mesa_glthread overridden by environment.
1646494257840	Marionette	INFO	Marionette enabled

(firefox:16324): GLib-GIO-CRITICAL **: 23:30:57.882: g_dbus_proxy_new: assertion 'G_IS_DBUS_CONNECTION (connection)' failed

(firefox:16324): GLib-GIO-CRITICAL **: 23:30:57.882: g_dbus_proxy_new: assertion 'G_IS_DBUS_CONNECTION (connection)' failed
console.warn: SearchSettings: "get: No settings file exists, new profile?" (new NotFoundError("Could not open the file at /tmp/rust_mozprofileJh0U0k/search.json.mozlz4", (void 0)))
DevTools listening on ws://localhost:44559/devtools/browser/53e9ff57-7a46-4668-a7d3-a868a5ebd763
1646494258715	Marionette	INFO	Listening on port 41031
1646494258784	RemoteAgent	WARN	TLS certificate errors will be ignored for this session
JavaScript error: resource://gre/actors/AutoCompleteChild.jsm, line 125: Error: Invalid autocomplete selectedIndex
console.warn: LoginRecipes: "getRecipes: falling back to a synchronous message for:" "https://twitter.com"
1646495651422	Marionette	INFO	Stopped listening on port 41031
console.warn: TopSitesFeed: Failed to fetch data from Contile server: NetworkError when attempting to fetch resource.
JavaScript error: chrome://remote/content/marionette/cert.js, line 55: NS_ERROR_NOT_AVAILABLE: Component returned failure code: 0x80040111 (NS_ERROR_NOT_AVAILABLE) [nsICertOverrideService.setDisableAllSecurityChecksAndLetAttackersInterceptMyData]

###!!! [Parent][PImageBridgeParent] Error: RunMessage(msgname=PImageBridge::Msg_WillClose) Channel closing: too late to send/recv, messages will be lost

1646495653345	geckodriver::marionette	ERROR	Failed to close browser connection: Transport endpoint is not connected (os error 107)
1646495660789	geckodriver	INFO	Listening on 127.0.0.1:39453
1646495661304	mozrunner::runner	INFO	Running command: "/usr/bin/firefox" "--marionette" "--remote-debugging-port" "48187" "-no-remote" "-profile" "/tmp/rust_mozprofileURsdcB"
ATTENTION: default value of option mesa_glthread overridden by environment.
ATTENTION: default value of option mesa_glthread overridden by environment.
ATTENTION: default value of option mesa_glthread overridden by environment.
ATTENTION: default value of option mesa_glthread overridden by environment.
1646495661675	Marionette	INFO	Marionette enabled

(firefox:19965): GLib-GIO-CRITICAL **: 23:54:21.714: g_dbus_proxy_new: assertion 'G_IS_DBUS_CONNECTION (connection)' failed

(firefox:19965): GLib-GIO-CRITICAL **: 23:54:21.714: g_dbus_proxy_new: assertion 'G_IS_DBUS_CONNECTION (connection)' failed
console.warn: SearchSettings: "get: No settings file exists, new profile?" (new NotFoundError("Could not open the file at /tmp/rust_mozprofileURsdcB/search.json.mozlz4", (void 0)))
DevTools listening on ws://localhost:48187/devtools/browser/ab4166e7-04d7-4c1b-84e2-e418faf07a97
1646495662521	Marionette	INFO	Listening on port 46123
1646495662647	RemoteAgent	WARN	TLS certificate errors will be ignored for this session
JavaScript error: resource://gre/actors/AutoCompleteChild.jsm, line 125: Error: Invalid autocomplete selectedIndex
console.warn: LoginRecipes: "getRecipes: falling back to a synchronous message for:" "https://twitter.com"
console.warn: LoginRecipes: "getRecipes: falling back to a synchronous message for:" "https://twitter.com"
console.warn: LoginRecipes: "getRecipes: falling back to a synchronous message for:" "https://twitter.com"
console.warn: LoginRecipes: "getRecipes: falling back to a synchronous message for:" "https://twitter.com"
console.warn: LoginRecipes: "getRecipes: falling back to a synchronous message for:" "https://twitter.com"
console.warn: LoginRecipes: "getRecipes: falling back to a synchronous message for:" "https://twitter.com"
console.warn: LoginRecipes: "getRecipes: falling back to a synchronous message for:" "https://twitter.com"
1646496146129	Marionette	INFO	Stopped listening on port 46123
console.warn: TopSitesFeed: Failed to fetch data from Contile server: NetworkError when attempting to fetch resource.
JavaScript error: chrome://remote/content/marionette/cert.js, line 55: NS_ERROR_NOT_AVAILABLE: Component returned failure code: 0x80040111 (NS_ERROR_NOT_AVAILABLE) [nsICertOverrideService.setDisableAllSecurityChecksAndLetAttackersInterceptMyData]
